__________Unit2.jar_________
TIME: 2025.03.26 20:30:50
----------BEGIN-------------
__________Unit2.jar_________
TIME: 2025.03.26 20:32:35
----------BEGIN-------------
Iteration 9 finished: AVG_End in 33.354 s, AVG_MT is 11.07784 s, AVG_W is 85.870       Iteration 4 completed with checker output: Elevator3: Incorrectly move to 0.
Oh! Some errors.
Iteration 21 completed with checker output: Elevator1: Incorrectly move to 0.
Oh! Some errors.
Iteration 14 completed with checker output: Elevator2: Incorrectly move to 0.
Oh! Some errors.
__________Unit2.jar_________
TIME: 2025.03.26 20:40:57
----------BEGIN-------------
Iteration 23 finished: AVG_End in 27.367 s, AVG_MT is 10.01610 s, AVG_W is 93.160      Iteration 47 completed with checker output: Elevator4: Incorrectly move to 0.
Oh! Some errors.
__________Unit2.jar_________
TIME: 2025.03.26 20:44:05
----------BEGIN-------------
Iteration 12 finished: AVG_End in 30.335 s, AVG_MT is 10.12587 s, AVG_W is 89.317      Iteration 11 completed with checker output: Elevator3: Incorrectly move to 0.
Oh! Some errors.
__________Unit2.jar_________
TIME: 2025.03.26 20:57:32
----------BEGIN-------------
Iteration 32 finished: AVG_End in 26.326 s, AVG_MT is 9.69883 s, AVG_W is 103.333      __________Unit2.jar_________
TIME: 2025.03.26 21:06:33
----------BEGIN-------------
Iteration 552 finished: AVG_End in 35.308 s, AVG_MT is 10.28886 s, AVG_W is 93.000     __________Unit2.jar_________
TIME: 2025.03.26 21:19:29
----------BEGIN-------------
Iteration 686 finished: AVG_End in 32.732 s, AVG_MT is 10.38422 s, AVG_W is 96.482     